<?xml version="1.0" encoding="UTF-8"?>
<testng-results ignored="0" total="1" passed="1" failed="0" skipped="0">
  <reporter-output>
  </reporter-output>
  <suite started-at="2024-01-30T23:21:33 CST" name="Default suite" finished-at="2024-01-30T23:21:44 CST" duration-ms="11085">
    <groups>
    </groups>
    <test started-at="2024-01-30T23:21:33 CST" name="Default test" finished-at="2024-01-30T23:21:44 CST" duration-ms="11085">
      <class name="testing_build.GitTest">
        <test-method is-config="true" signature="init()[pri:0, instance:testing_build.GitTest@4d5650ae]" started-at="2024-01-30T23:21:33 CST" name="init" finished-at="2024-01-30T23:21:36 CST" duration-ms="3615" status="PASS">
          <reporter-output>
          </reporter-output>
        </test-method> <!-- init -->
        <test-method signature="testLogin()[pri:0, instance:testing_build.GitTest@4d5650ae]" started-at="2024-01-30T23:21:36 CST" name="testLogin" finished-at="2024-01-30T23:21:44 CST" duration-ms="7413" status="PASS">
          <reporter-output>
          </reporter-output>
        </test-method> <!-- testLogin -->
      </class> <!-- testing_build.GitTest -->
    </test> <!-- Default test -->
  </suite> <!-- Default suite -->
</testng-results>
