<?xml version="1.0" encoding="UTF-8"?>
<testng-results ignored="0" total="1" passed="1" failed="0" skipped="0">
  <reporter-output>
  </reporter-output>
  <suite started-at="2024-01-29T21:18:42 CST" name="Default suite" finished-at="2024-01-29T21:19:04 CST" duration-ms="21727">
    <groups>
    </groups>
    <test started-at="2024-01-29T21:18:42 CST" name="Default test" finished-at="2024-01-29T21:19:04 CST" duration-ms="21727">
      <class name="testing_build.LearingBuild">
        <test-method is-config="true" signature="init()[pri:0, instance:testing_build.LearingBuild@51c668e3]" started-at="2024-01-29T21:18:42 CST" name="init" finished-at="2024-01-29T21:18:46 CST" duration-ms="3340" status="PASS">
          <reporter-output>
          </reporter-output>
        </test-method> <!-- init -->
        <test-method signature="testLogin()[pri:0, instance:testing_build.LearingBuild@51c668e3]" started-at="2024-01-29T21:18:46 CST" name="testLogin" finished-at="2024-01-29T21:18:54 CST" duration-ms="8104" status="PASS">
          <reporter-output>
          </reporter-output>
        </test-method> <!-- testLogin -->
        <test-method is-config="true" signature="tearDown()[pri:0, instance:testing_build.LearingBuild@51c668e3]" started-at="2024-01-29T21:18:54 CST" name="tearDown" finished-at="2024-01-29T21:19:04 CST" duration-ms="10236" status="PASS">
          <reporter-output>
          </reporter-output>
        </test-method> <!-- tearDown -->
      </class> <!-- testing_build.LearingBuild -->
    </test> <!-- Default test -->
  </suite> <!-- Default suite -->
</testng-results>
